{
  "Cucumber Features": {
    "coverage": {
      "/home/ubuntu/workspace/HealthyU/app/controllers/exercises_controller.rb": [
        1,
        null,
        1,
        3,
        null,
        null,
        1,
        11,
        null,
        1,
        0,
        null,
        1,
        3,
        null,
        1,
        3,
        3,
        3,
        null,
        null,
        1,
        0,
        0,
        0,
        0,
        null,
        1,
        0,
        null,
        null,
        1,
        0,
        0,
        0,
        0,
        null,
        null,
        null,
        null
      ],
      "/home/ubuntu/workspace/HealthyU/app/controllers/application_controller.rb": [
        1,
        null,
        null,
        1,
        1,
        null
      ],
      "/home/ubuntu/workspace/HealthyU/app/helpers/application_helper.rb": [
        1,
        null
      ],
      "/home/ubuntu/workspace/HealthyU/app/helpers/sessions_helper.rb": [
        1,
        1,
        0,
        null,
        1,
        51,
        null,
        1,
        51,
        null,
        1,
        0,
        0,
        null,
        null
      ],
      "/home/ubuntu/workspace/HealthyU/app/helpers/users_helper.rb": [
        1,
        1,
        null,
        null
      ],
      "/home/ubuntu/workspace/HealthyU/app/models/exercise.rb": [
        1,
        null
      ],
      "/home/ubuntu/workspace/HealthyU/app/models/user.rb": [
        1,
        null
      ],
      "/home/ubuntu/workspace/HealthyU/app/controllers/homepage_controller.rb": [
        1,
        1,
        null,
        null
      ],
      "/home/ubuntu/workspace/HealthyU/app/controllers/nutritions_controller.rb": [
        1,
        1,
        7,
        null,
        1,
        19,
        null,
        null,
        1,
        6,
        null,
        1,
        3,
        null,
        1,
        6,
        6,
        6,
        null,
        null,
        null,
        null,
        1,
        1,
        1,
        1,
        1,
        null,
        1,
        1,
        null,
        1,
        1,
        1,
        1,
        1,
        null,
        null,
        null
      ],
      "/home/ubuntu/workspace/HealthyU/app/models/nutrition.rb": [
        1,
        1,
        18,
        null,
        null
      ],
      "/home/ubuntu/workspace/HealthyU/app/controllers/users_controller.rb": [
        1,
        1,
        2,
        null,
        1,
        0,
        null,
        1,
        0,
        null,
        1,
        0,
        0,
        0,
        0,
        0,
        null,
        0,
        null,
        null,
        1,
        1,
        0,
        null,
        null,
        1,
        null,
        null
      ],
      "/home/ubuntu/workspace/HealthyU/app/controllers/sessions_controller.rb": [
        0,
        0,
        0,
        0,
        0,
        0,
        0,
        0,
        0,
        0,
        0,
        0,
        0,
        0,
        0,
        0,
        0
      ]
    },
    "timestamp": 1512532557
  },
  "RSpec": {
    "coverage": {
      "/home/ubuntu/workspace/HealthyU/app/helpers/application_helper.rb": [
        1,
        null
      ],
      "/home/ubuntu/workspace/HealthyU/app/controllers/exercises_controller.rb": [
        1,
        null,
        null,
        null,
        null,
        null,
        1,
        1,
        null,
        1,
        2,
        null,
        1,
        1,
        null,
        1,
        1,
        1,
        1,
        null,
        null,
        1,
        2,
        2,
        2,
        2,
        null,
        1,
        2,
        null,
        null,
        1,
        1,
        1,
        1,
        1,
        null,
        null,
        null,
        null
      ],
      "/home/ubuntu/workspace/HealthyU/app/controllers/application_controller.rb": [
        1,
        null,
        null,
        1,
        null
      ],
      "/home/ubuntu/workspace/HealthyU/app/controllers/nutritions_controller.rb": [
        1,
        1,
        2,
        null,
        1,
        1,
        null,
        null,
        1,
        1,
        null,
        1,
        2,
        null,
        1,
        1,
        1,
        1,
        null,
        null,
        null,
        null,
        1,
        1,
        1,
        1,
        1,
        null,
        1,
        2,
        null,
        1,
        2,
        2,
        2,
        2,
        null,
        null,
        null
      ],
      "/home/ubuntu/workspace/HealthyU/app/models/exercise.rb": [
        1,
        null
      ],
      "/home/ubuntu/workspace/HealthyU/app/models/nutrition.rb": [
        1,
        1,
        2,
        null,
        null
      ],
      "/home/ubuntu/workspace/HealthyU/app/controllers/homepage_controller.rb": [
        0,
        0,
        0,
        0
      ]
    },
    "timestamp": 1511978498
  }
}
